#
# A fatal error has been detected by the Java Runtime Environment:
#
#  EXCEPTION_ACCESS_VIOLATION (0xc0000005) at pc=0x0000000009571963, pid=2188, tid=4632
#
# JRE version: 7.0_04-b22
# Java VM: Java HotSpot(TM) 64-Bit Server VM (23.0-b21 mixed mode windows-amd64 compressed oops)
# Problematic frame:
# C  [ig4icd64.dll+0xc1963]
#
# Failed to write core dump. Minidumps are not enabled by default on client versions of Windows
#
# If you would like to submit a bug report, please visit:
#   http://bugreport.sun.com/bugreport/crash.jsp
# The crash happened outside the Java Virtual Machine in native code.
# See problematic frame for where to report the bug.
#

---------------  T H R E A D  ---------------

Current thread (0x000000000038c800):  JavaThread "main" [_thread_in_native, id=4632, stack(0x0000000002080000,0x0000000002180000)]

siginfo: ExceptionCode=0xc0000005, reading address 0x0000000000000000

Registers:
RAX=0x0000000000000024, RBX=0x0000000000000000, RCX=0x0000000000000024, RDX=0x000000000000000c
RSP=0x000000000217eda0, RBP=0x00000000ffffffff, RSI=0x0000000000000004, RDI=0x0000000000000018
R8 =0x0000000000000000, R9 =0x000000000ac900a0, R10=0x000000000000000c, R11=0x0000000000000018
R12=0x0000000000000000, R13=0x000000000be59480, R14=0x000000000be60180, R15=0x000000000ad2c8b0
RIP=0x0000000009571963, EFLAGS=0x0000000000010246

Top of Stack: (sp=0x000000000217eda0)
0x000000000217eda0:   0000000000000004 0000000000000000
0x000000000217edb0:   0000000000000000 000000000217eea8
0x000000000217edc0:   0000000000000000 0000000000000000
0x000000000217edd0:   000000000217eea0 0000000000200001
0x000000000217ede0:   000000000217eeb0 0000000000200000
0x000000000217edf0:   000000000217eea0 00000000096218fd
0x000000000217ee00:   000000000ac900a0 0000000000200000
0x000000000217ee10:   0000000000000000 0000000000000000
0x000000000217ee20:   0000000000000000 0000000000000000
0x000000000217ee30:   0000000000000000 0000000000000000
0x000000000217ee40:   0000000000000000 0000000000000000
0x000000000217ee50:   0000000000000000 0000000000000000
0x000000000217ee60:   0000000000000000 0000000000000000
0x000000000217ee70:   0000000000000000 0000000000000000
0x000000000217ee80:   0000000000000000 0000000000000000
0x000000000217ee90:   0000000000000000 0000000000000000 

Instructions: (pc=0x0000000009571963)
0x0000000009571943:   d8 0f af c2 48 63 c8 49 03 c8 83 fe 04 7d 11 83
0x0000000009571953:   fe 03 48 8b cb 4c 0f 4c db 83 fe 02 4c 0f 4c d3
0x0000000009571963:   f3 0f 10 03 f3 41 0f 10 0a f3 45 0f 10 47 08 45
0x0000000009571973:   0f c6 c0 00 f3 41 0f 10 7f 10 f3 41 0f 10 77 28 


Register to memory mapping:

RAX=0x0000000000000024 is an unknown value
RBX=0x0000000000000000 is an unknown value
RCX=0x0000000000000024 is an unknown value
RDX=0x000000000000000c is an unknown value
RSP=0x000000000217eda0 is pointing into the stack for thread: 0x000000000038c800
RBP=0x00000000ffffffff is an unallocated location in the heap
RSI=0x0000000000000004 is an unknown value
RDI=0x0000000000000018 is an unknown value
R8 =0x0000000000000000 is an unknown value
R9 =0x000000000ac900a0 is an unknown value
R10=0x000000000000000c is an unknown value
R11=0x0000000000000018 is an unknown value
R12=0x0000000000000000 is an unknown value
R13=0x000000000be59480 is an unknown value
R14=0x000000000be60180 is an unknown value
R15=0x000000000ad2c8b0 is an unknown value


Stack: [0x0000000002080000,0x0000000002180000],  sp=0x000000000217eda0,  free space=1019k
Native frames: (J=compiled Java code, j=interpreted, Vv=VM code, C=native code)
C  [ig4icd64.dll+0xc1963]

Java frames: (J=compiled Java code, j=interpreted, Vv=VM code)
j  org.lwjgl.opengl.GL11.nglDrawArrays(IIIJ)V+0
j  org.lwjgl.opengl.GL11.glDrawArrays(III)V+20
j  game.entity.Projectile.render()V+50
j  game.WormsGame.render()V+55
j  engine.Game.run()V+58
j  main.Launcher.main([Ljava/lang/String;)V+9
v  ~StubRoutines::call_stub

---------------  P R O C E S S  ---------------

Java Threads: ( => current thread )
  0x00000000077cc800 JavaThread "Service Thread" daemon [_thread_blocked, id=3648, stack(0x0000000008d90000,0x0000000008e90000)]
  0x00000000077be800 JavaThread "C2 CompilerThread1" daemon [_thread_blocked, id=1968, stack(0x0000000008c60000,0x0000000008d60000)]
  0x00000000077a7800 JavaThread "C2 CompilerThread0" daemon [_thread_blocked, id=4684, stack(0x00000000085f0000,0x00000000086f0000)]
  0x00000000077a6000 JavaThread "Attach Listener" daemon [_thread_blocked, id=5196, stack(0x0000000008a60000,0x0000000008b60000)]
  0x00000000077a4000 JavaThread "Signal Dispatcher" daemon [_thread_blocked, id=3852, stack(0x00000000088f0000,0x00000000089f0000)]
  0x000000000771e800 JavaThread "Finalizer" daemon [_thread_blocked, id=5984, stack(0x0000000008750000,0x0000000008850000)]
  0x0000000007713800 JavaThread "Reference Handler" daemon [_thread_blocked, id=4928, stack(0x00000000084f0000,0x00000000085f0000)]
=>0x000000000038c800 JavaThread "main" [_thread_in_native, id=4632, stack(0x0000000002080000,0x0000000002180000)]

Other Threads:
  0x000000000770e800 VMThread [stack: 0x0000000008350000,0x0000000008450000] [id=2832]
  0x00000000077e7000 WatcherThread [stack: 0x0000000008220000,0x0000000008320000] [id=4804]

VM state:not at safepoint (normal execution)

VM Mutex/Monitor currently owned by a thread: None

Heap
 PSYoungGen      total 14016K, used 3627K [0x00000000f0560000, 0x00000000f1500000, 0x0000000000000000)
  eden space 12032K, 30% used [0x00000000f0560000,0x00000000f08eaf98,0x00000000f1120000)
  from space 1984K, 0% used [0x00000000f1310000,0x00000000f1310000,0x00000000f1500000)
  to   space 1984K, 0% used [0x00000000f1120000,0x00000000f1120000,0x00000000f1310000)
 ParOldGen       total 32064K, used 0K [0x00000000d1000000, 0x00000000d2f50000, 0x00000000f0560000)
  object space 32064K, 0% used [0x00000000d1000000,0x00000000d1000000,0x00000000d2f50000)
 PSPermGen       total 21248K, used 4433K [0x00000000cbe00000, 0x00000000cd2c0000, 0x00000000d1000000)
  object space 21248K, 20% used [0x00000000cbe00000,0x00000000cc2547b0,0x00000000cd2c0000)

Code Cache  [0x0000000002180000, 0x00000000023f0000, 0x0000000005180000)
 total_blobs=333 nmethods=30 adapters=255 free_code_cache=48676Kb largest_free_block=49823168

Compilation events (10 events):
Event: 0.871 Thread 0x00000000077a7800   25             org.lwjgl.opengl.StateTracker::getReferences (11 bytes)
Event: 0.872 Thread 0x00000000077be800   26             org.lwjgl.opengl.ReferencesStack::getReferences (10 bytes)
Event: 0.873 Thread 0x00000000077be800 nmethod 26 0x00000000021f4c90 code [0x00000000021f4dc0, 0x00000000021f4e58]
Event: 0.875 Thread 0x00000000077a7800 nmethod 25 0x00000000021f4950 code [0x00000000021f4aa0, 0x00000000021f4b58]
Event: 1.134 Thread 0x00000000077be800   27             org.lwjgl.opengl.GL15::glBindBuffer (26 bytes)
Event: 1.134 Thread 0x00000000077a7800   28             org.lwjgl.opengl.StateTracker::bindBuffer (125 bytes)
Event: 1.141 Thread 0x00000000077a7800 nmethod 28 0x00000000021f42d0 code [0x00000000021f4420, 0x00000000021f4628]
Event: 1.148 Thread 0x00000000077a7800   30             org.lwjgl.opengl.GLChecks::ensureArrayVBOenabled (27 bytes)
Event: 1.150 Thread 0x00000000077be800 nmethod 27 0x00000000021f5b90 code [0x00000000021f5d00, 0x00000000021f5fd8]
Event: 1.152 Thread 0x00000000077a7800 nmethod 30 0x00000000021f57d0 code [0x00000000021f5920, 0x00000000021f59f8]

GC Heap History (0 events):
No events

Deoptimization events (0 events):
No events

Internal exceptions (10 events):
Event: 0.517 Thread 0x000000000038c800 Threw 0x00000000f086e2b0 at C:\jdk7u2_64p\jdk7u4\hotspot\src\share\vm\prims\jvm.cpp:1166
Event: 0.518 Thread 0x000000000038c800 Threw 0x00000000f08721d8 at C:\jdk7u2_64p\jdk7u4\hotspot\src\share\vm\prims\jvm.cpp:1166
Event: 0.525 Thread 0x000000000038c800 Threw 0x00000000f0875b38 at C:\jdk7u2_64p\jdk7u4\hotspot\src\share\vm\prims\jvm.cpp:1166
Event: 0.532 Thread 0x000000000038c800 Threw 0x00000000f0881318 at C:\jdk7u2_64p\jdk7u4\hotspot\src\share\vm\prims\jvm.cpp:1166
Event: 0.546 Thread 0x000000000038c800 Threw 0x00000000f088a0b8 at C:\jdk7u2_64p\jdk7u4\hotspot\src\share\vm\prims\jvm.cpp:1166
Event: 0.547 Thread 0x000000000038c800 Threw 0x00000000f088b3a8 at C:\jdk7u2_64p\jdk7u4\hotspot\src\share\vm\prims\jvm.cpp:1166
Event: 0.556 Thread 0x000000000038c800 Threw 0x00000000f088d8d8 at C:\jdk7u2_64p\jdk7u4\hotspot\src\share\vm\prims\jvm.cpp:1166
Event: 0.607 Thread 0x000000000038c800 Threw 0x00000000f0892b60 at C:\jdk7u2_64p\jdk7u4\hotspot\src\share\vm\prims\jni.cpp:715
Event: 0.608 Thread 0x000000000038c800 Threw 0x00000000f0893488 at C:\jdk7u2_64p\jdk7u4\hotspot\src\share\vm\prims\jni.cpp:715
Event: 1.510 Thread 0x000000000038c800 Threw 0x00000000f08c9c38 at C:\jdk7u2_64p\jdk7u4\hotspot\src\share\vm\prims\jvm.cpp:1166

Events (10 events):
Event: 0.611 loading class 0x0000000008f45050
Event: 0.611 loading class 0x0000000008f45050 done
Event: 0.611 loading class 0x00000000091d25f0
Event: 0.611 loading class 0x0000000008f44ed0
Event: 0.611 loading class 0x0000000008f45710
Event: 0.611 loading class 0x0000000008f45710 done
Event: 0.611 loading class 0x0000000008f44ed0 done
Event: 0.612 loading class 0x00000000091d25f0 done
Event: 1.510 loading class 0x0000000008f731d0
Event: 1.510 loading class 0x0000000008f731d0 done


Dynamic libraries:
0x000000003f850000 - 0x000000003f884000 	C:\Program Files\Java\jre7\bin\javaw.exe
0x0000000076f70000 - 0x0000000077119000 	C:\Windows\SYSTEM32\ntdll.dll
0x0000000076c40000 - 0x0000000076d5f000 	C:\Windows\system32\kernel32.dll
0x00000000fd540000 - 0x00000000fd5ac000 	C:\Windows\system32\KERNELBASE.dll
0x00000000fecf0000 - 0x00000000fedcb000 	C:\Windows\system32\ADVAPI32.dll
0x00000000fee70000 - 0x00000000fef0f000 	C:\Windows\system32\msvcrt.dll
0x00000000fe7c0000 - 0x00000000fe7df000 	C:\Windows\SYSTEM32\sechost.dll
0x00000000feb30000 - 0x00000000fec5d000 	C:\Windows\system32\RPCRT4.dll
0x0000000076890000 - 0x000000007698a000 	C:\Windows\system32\USER32.dll
0x00000000fd7a0000 - 0x00000000fd807000 	C:\Windows\system32\GDI32.dll
0x00000000fece0000 - 0x00000000fecee000 	C:\Windows\system32\LPK.dll
0x00000000ff0f0000 - 0x00000000ff1b9000 	C:\Windows\system32\USP10.dll
0x00000000fb9e0000 - 0x00000000fbbd4000 	C:\Windows\WinSxS\amd64_microsoft.windows.common-controls_6595b64144ccf1df_6.0.7601.17514_none_fa396087175ac9ac\COMCTL32.dll
0x00000000fec60000 - 0x00000000fecd1000 	C:\Windows\system32\SHLWAPI.dll
0x00000000fd9f0000 - 0x00000000fda1e000 	C:\Windows\system32\IMM32.DLL
0x00000000fef10000 - 0x00000000ff019000 	C:\Windows\system32\MSCTF.dll
0x0000000068f00000 - 0x0000000068fd1000 	C:\Program Files\Java\jre7\bin\msvcr100.dll
0x0000000067e40000 - 0x000000006855a000 	C:\Program Files\Java\jre7\bin\server\jvm.dll
0x00000000fc5b0000 - 0x00000000fc5b9000 	C:\Windows\system32\WSOCK32.dll
0x00000000ff020000 - 0x00000000ff06d000 	C:\Windows\system32\WS2_32.dll
0x00000000fda20000 - 0x00000000fda28000 	C:\Windows\system32\NSI.dll
0x00000000f92f0000 - 0x00000000f932b000 	C:\Windows\system32\WINMM.dll
0x0000000077130000 - 0x0000000077137000 	C:\Windows\system32\PSAPI.DLL
0x000000006e950000 - 0x000000006e95f000 	C:\Program Files\Java\jre7\bin\verify.dll
0x000000006e550000 - 0x000000006e578000 	C:\Program Files\Java\jre7\bin\java.dll
0x000000006e930000 - 0x000000006e945000 	C:\Program Files\Java\jre7\bin\zip.dll
0x0000000080000000 - 0x000000008004f000 	C:\Users\Johnnei\IDKO\Libs\lwjgl-2.8.3\native\windows\lwjgl64.dll
0x00000000f3cc0000 - 0x00000000f3ddd000 	C:\Windows\system32\OPENGL32.dll
0x00000000f3c90000 - 0x00000000f3cbd000 	C:\Windows\system32\GLU32.dll
0x00000000f3b90000 - 0x00000000f3c81000 	C:\Windows\system32\DDRAW.dll
0x00000000f4400000 - 0x00000000f4408000 	C:\Windows\system32\DCIMAN32.dll
0x00000000fd810000 - 0x00000000fd9e7000 	C:\Windows\system32\SETUPAPI.dll
0x00000000fd5f0000 - 0x00000000fd626000 	C:\Windows\system32\CFGMGR32.dll
0x00000000fe7e0000 - 0x00000000fe8b7000 	C:\Windows\system32\OLEAUT32.dll
0x00000000fe920000 - 0x00000000feb23000 	C:\Windows\system32\ole32.dll
0x00000000fd520000 - 0x00000000fd53a000 	C:\Windows\system32\DEVOBJ.dll
0x00000000faf00000 - 0x00000000faf18000 	C:\Windows\system32\dwmapi.dll
0x00000000fc580000 - 0x00000000fc58c000 	C:\Windows\system32\VERSION.dll
0x00000000fb930000 - 0x00000000fb986000 	C:\Windows\system32\uxtheme.dll
0x00000000094b0000 - 0x000000000a3a5000 	C:\Windows\system32\ig4icd64.dll
0x00000000fd2c0000 - 0x00000000fd2cf000 	C:\Windows\system32\CRYPTBASE.dll
0x00000000f1b30000 - 0x00000000f1bcc000 	C:\Windows\system32\mscms.dll
0x00000000fc6d0000 - 0x00000000fc6ee000 	C:\Windows\system32\USERENV.dll
0x00000000fd3d0000 - 0x00000000fd3df000 	C:\Windows\system32\profapi.dll
0x00000000faae0000 - 0x00000000fab22000 	C:\Windows\system32\icm32.dll
0x000000006dc40000 - 0x000000006ddd4000 	C:\Program Files\Java\jre7\bin\awt.dll
0x00000000fb4d0000 - 0x00000000fb5f5000 	C:\Windows\system32\dbghelp.dll

VM Arguments:
jvm_args: -Djava.library.path=C:\Users\Johnnei\IDKO\Libs\lwjgl-2.8.3\native\windows -Dfile.encoding=Cp1252 
java_command: main.Launcher
Launcher Type: SUN_STANDARD

Environment Variables:
CLASSPATH=.;C:\Program Files\Microsoft JDBC Driver 4.0 for SQL Server\sqljdbc_4.0\enu\sqljdbc.jar;C:\Program Files\Microsoft JDBC Driver 4.0 for SQL Server\sqljdbc_4.0\enu\auth\x64\sqljdbc_auth.dll
PATH=C:\Program Files\Common Files\Microsoft Shared\Windows Live;C:\Program Files (x86)\Common Files\Microsoft Shared\Windows Live;C:\Windows\system32;C:\Windows;C:\Windows\System32\Wbem;C:\Windows\System32\WindowsPowerShell\v1.0\;c:\Program Files (x86)\Microsoft SQL Server\100\Tools\Binn\;c:\Program Files\Microsoft SQL Server\100\Tools\Binn\;C:\Program Files\MySQL\MySQL Server 5.5\bin;C:\Program Files (x86)\Windows Live\Shared;C:\Program Files (x86)\Git\cmd;C:\Program Files\TortoiseSVN\bin;c:\Program Files (x86)\Microsoft SQL Server\100\Tools\Binn\VSShell\Common7\IDE\;c:\Program Files (x86)\Microsoft SQL Server\100\DTS\Binn\;c:\Program Files\Microsoft SQL Server\100\DTS\Binn\;C:\Program Files (x86)\Universal Extractor;C:\Program Files (x86)\Universal Extractor\bin
USERNAME=Johnnei LAP
OS=Windows_NT
PROCESSOR_IDENTIFIER=Intel64 Family 6 Model 23 Stepping 10, GenuineIntel



---------------  S Y S T E M  ---------------

OS: Windows 7 , 64 bit Build 7601 Service Pack 1

CPU:total 2 (2 cores per cpu, 1 threads per core) family 6 model 23 stepping 10, cmov, cx8, fxsr, mmx, sse, sse2, sse3, ssse3, tsc

Memory: 4k page, physical 3074984k(1178332k free), swap 6148116k(3270784k free)

vm_info: Java HotSpot(TM) 64-Bit Server VM (23.0-b21) for windows-amd64 JRE (1.7.0_04-b22), built on May  2 2012 23:28:26 by "java_re" with unknown MS VC++:1600

time: Mon May 21 13:26:33 2012
elapsed time: 1 seconds

