#
# A fatal error has been detected by the Java Runtime Environment:
#
#  EXCEPTION_ACCESS_VIOLATION (0xc0000005) at pc=0x00000000096f1963, pid=4548, tid=6876
#
# JRE version: 7.0_04-b22
# Java VM: Java HotSpot(TM) 64-Bit Server VM (23.0-b21 mixed mode windows-amd64 compressed oops)
# Problematic frame:
# C  [ig4icd64.dll+0xc1963]
#
# Failed to write core dump. Minidumps are not enabled by default on client versions of Windows
#
# If you would like to submit a bug report, please visit:
#   http://bugreport.sun.com/bugreport/crash.jsp
# The crash happened outside the Java Virtual Machine in native code.
# See problematic frame for where to report the bug.
#

---------------  T H R E A D  ---------------

Current thread (0x0000000001e4c800):  JavaThread "main" [_thread_in_native, id=6876, stack(0x0000000001ee0000,0x0000000001fe0000)]

siginfo: ExceptionCode=0xc0000005, reading address 0x0000000000000000

Registers:
RAX=0x0000000000000024, RBX=0x0000000000000000, RCX=0x0000000000000024, RDX=0x000000000000000c
RSP=0x0000000001fdef90, RBP=0x00000000ffffffff, RSI=0x0000000000000004, RDI=0x0000000000000018
R8 =0x0000000000000000, R9 =0x000000000aef00a0, R10=0x000000000000000c, R11=0x0000000000000018
R12=0x0000000000000000, R13=0x000000000c0b9480, R14=0x000000000c0c0180, R15=0x000000000af8c8b0
RIP=0x00000000096f1963, EFLAGS=0x0000000000010246

Top of Stack: (sp=0x0000000001fdef90)
0x0000000001fdef90:   0000000000000004 0000000000000000
0x0000000001fdefa0:   0000000000000000 0000000001fdf098
0x0000000001fdefb0:   0000000000000000 0000000000000000
0x0000000001fdefc0:   0000000001fdf090 0000000000200001
0x0000000001fdefd0:   0000000001fdf0a0 0000000000200000
0x0000000001fdefe0:   0000000001fdf090 00000000097a18fd
0x0000000001fdeff0:   000000000aef00a0 0000000000200000
0x0000000001fdf000:   0000000000000000 0000000000000000
0x0000000001fdf010:   0000000000000000 0000000000000000
0x0000000001fdf020:   0000000000000000 0000000000000000
0x0000000001fdf030:   0000000000000000 0000000000000000
0x0000000001fdf040:   0000000000000000 0000000000000000
0x0000000001fdf050:   0000000000000000 0000000000000000
0x0000000001fdf060:   0000000000000000 0000000000000000
0x0000000001fdf070:   0000000000000000 0000000000000000
0x0000000001fdf080:   0000000043ac0000 0000000000000000 

Instructions: (pc=0x00000000096f1963)
0x00000000096f1943:   d8 0f af c2 48 63 c8 49 03 c8 83 fe 04 7d 11 83
0x00000000096f1953:   fe 03 48 8b cb 4c 0f 4c db 83 fe 02 4c 0f 4c d3
0x00000000096f1963:   f3 0f 10 03 f3 41 0f 10 0a f3 45 0f 10 47 08 45
0x00000000096f1973:   0f c6 c0 00 f3 41 0f 10 7f 10 f3 41 0f 10 77 28 


Register to memory mapping:

RAX=0x0000000000000024 is an unknown value
RBX=0x0000000000000000 is an unknown value
RCX=0x0000000000000024 is an unknown value
RDX=0x000000000000000c is an unknown value
RSP=0x0000000001fdef90 is pointing into the stack for thread: 0x0000000001e4c800
RBP=0x00000000ffffffff is an unallocated location in the heap
RSI=0x0000000000000004 is an unknown value
RDI=0x0000000000000018 is an unknown value
R8 =0x0000000000000000 is an unknown value
R9 =0x000000000aef00a0 is an unknown value
R10=0x000000000000000c is an unknown value
R11=0x0000000000000018 is an unknown value
R12=0x0000000000000000 is an unknown value
R13=0x000000000c0b9480 is an unknown value
R14=0x000000000c0c0180 is an unknown value
R15=0x000000000af8c8b0 is an unknown value


Stack: [0x0000000001ee0000,0x0000000001fe0000],  sp=0x0000000001fdef90,  free space=1019k
Native frames: (J=compiled Java code, j=interpreted, Vv=VM code, C=native code)
C  [ig4icd64.dll+0xc1963]

Java frames: (J=compiled Java code, j=interpreted, Vv=VM code)
J  org.lwjgl.opengl.GL11.nglDrawArrays(IIIJ)V
J  game.Team.render()V
J  game.WormsGame.render()V
j  engine.Game.run()V+58
j  main.Launcher.main([Ljava/lang/String;)V+9
v  ~StubRoutines::call_stub

---------------  P R O C E S S  ---------------

Java Threads: ( => current thread )
  0x000000000798a000 JavaThread "Service Thread" daemon [_thread_blocked, id=5328, stack(0x0000000008e30000,0x0000000008f30000)]
  0x000000000797e000 JavaThread "C2 CompilerThread1" daemon [_thread_blocked, id=7020, stack(0x0000000008c60000,0x0000000008d60000)]
  0x0000000007967800 JavaThread "C2 CompilerThread0" daemon [_thread_blocked, id=3164, stack(0x0000000008ae0000,0x0000000008be0000)]
  0x0000000007965800 JavaThread "Attach Listener" daemon [_thread_blocked, id=5640, stack(0x0000000008770000,0x0000000008870000)]
  0x0000000007964000 JavaThread "Signal Dispatcher" daemon [_thread_blocked, id=1532, stack(0x0000000008900000,0x0000000008a00000)]
  0x00000000078de800 JavaThread "Finalizer" daemon [_thread_blocked, id=5556, stack(0x0000000008620000,0x0000000008720000)]
  0x00000000078d3800 JavaThread "Reference Handler" daemon [_thread_blocked, id=6664, stack(0x0000000008500000,0x0000000008600000)]
=>0x0000000001e4c800 JavaThread "main" [_thread_in_native, id=6876, stack(0x0000000001ee0000,0x0000000001fe0000)]

Other Threads:
  0x00000000078ce800 VMThread [stack: 0x0000000008370000,0x0000000008470000] [id=3340]
  0x0000000007995000 WatcherThread [stack: 0x0000000009040000,0x0000000009140000] [id=5972]

VM state:not at safepoint (normal execution)

VM Mutex/Monitor currently owned by a thread: None

Heap
 PSYoungGen      total 14016K, used 4591K [0x00000000f0560000, 0x00000000f1500000, 0x0000000000000000)
  eden space 12032K, 21% used [0x00000000f0560000,0x00000000f07efd48,0x00000000f1120000)
  from space 1984K, 99% used [0x00000000f1120000,0x00000000f130c010,0x00000000f1310000)
  to   space 1984K, 0% used [0x00000000f1310000,0x00000000f1310000,0x00000000f1500000)
 ParOldGen       total 32064K, used 296K [0x00000000d1000000, 0x00000000d2f50000, 0x00000000f0560000)
  object space 32064K, 0% used [0x00000000d1000000,0x00000000d104a000,0x00000000d2f50000)
 PSPermGen       total 21248K, used 4556K [0x00000000cbe00000, 0x00000000cd2c0000, 0x00000000d1000000)
  object space 21248K, 21% used [0x00000000cbe00000,0x00000000cc273390,0x00000000cd2c0000)

Code Cache  [0x0000000001fe0000, 0x0000000002250000, 0x0000000004fe0000)
 total_blobs=468 nmethods=163 adapters=257 free_code_cache=48319Kb largest_free_block=49449920

Compilation events (10 events):
Event: 53.363 Thread 0x000000000797e000 nmethod 153 0x000000000208d910 code [0x000000000208da40, 0x000000000208da98]
Event: 53.363 Thread 0x000000000797e000  155             org.lwjgl.opengl.WindowsDisplay::isCloseRequested (12 bytes)
Event: 53.363 Thread 0x000000000797e000 nmethod 155 0x00000000020a4dd0 code [0x00000000020a4f00, 0x00000000020a4f58]
Event: 53.364 Thread 0x0000000007967800 nmethod 154 0x0000000002090450 code [0x00000000020905a0, 0x0000000002090818]
Event: 53.953 Thread 0x000000000797e000  159             java.nio.DirectByteBuffer$Deallocator::<init> (9 bytes)
Event: 53.953 Thread 0x0000000007967800  160             java.nio.DirectByteBuffer$Deallocator::<init> (41 bytes)
Event: 53.954 Thread 0x0000000007967800 nmethod 160 0x000000000208fad0 code [0x000000000208fc00, 0x000000000208fc58]
Event: 53.954 Thread 0x000000000797e000 nmethod 159 0x00000000020add50 code [0x00000000020ade80, 0x00000000020aded8]
Event: 65.402 Thread 0x0000000007967800  162             game.WormsGame::onTick (350 bytes)
Event: 65.420 Thread 0x0000000007967800 nmethod 162 0x00000000020b5f10 code [0x00000000020b6120, 0x00000000020b6980]

GC Heap History (2 events):
Event: 50.984 GC heap before
{Heap before GC invocations=1 (full 0):
 PSYoungGen      total 14016K, used 12032K [0x00000000f0560000, 0x00000000f1500000, 0x0000000000000000)
  eden space 12032K, 100% used [0x00000000f0560000,0x00000000f1120000,0x00000000f1120000)
  from space 1984K, 0% used [0x00000000f1310000,0x00000000f1310000,0x00000000f1500000)
  to   space 1984K, 0% used [0x00000000f1120000,0x00000000f1120000,0x00000000f1310000)
 ParOldGen       total 32064K, used 0K [0x00000000d1000000, 0x00000000d2f50000, 0x00000000f0560000)
  object space 32064K, 0% used [0x00000000d1000000,0x00000000d1000000,0x00000000d2f50000)
 PSPermGen       total 21248K, used 4553K [0x00000000cbe00000, 0x00000000cd2c0000, 0x00000000d1000000)
  object space 21248K, 21% used [0x00000000cbe00000,0x00000000cc2726b0,0x00000000cd2c0000)
Event: 50.996 GC heap after
Heap after GC invocations=1 (full 0):
 PSYoungGen      total 14016K, used 1968K [0x00000000f0560000, 0x00000000f1500000, 0x0000000000000000)
  eden space 12032K, 0% used [0x00000000f0560000,0x00000000f0560000,0x00000000f1120000)
  from space 1984K, 99% used [0x00000000f1120000,0x00000000f130c010,0x00000000f1310000)
  to   space 1984K, 0% used [0x00000000f1310000,0x00000000f1310000,0x00000000f1500000)
 ParOldGen       total 32064K, used 296K [0x00000000d1000000, 0x00000000d2f50000, 0x00000000f0560000)
  object space 32064K, 0% used [0x00000000d1000000,0x00000000d104a000,0x00000000d2f50000)
 PSPermGen       total 21248K, used 4553K [0x00000000cbe00000, 0x00000000cd2c0000, 0x00000000d1000000)
  object space 21248K, 21% used [0x00000000cbe00000,0x00000000cc2726b0,0x00000000cd2c0000)
}

Deoptimization events (1 events):
Event: 22.558 Thread 0x0000000001e4c800 Uncommon trap 77 fr.pc 0x000000000206a208

Internal exceptions (10 events):
Event: 0.512 Thread 0x0000000001e4c800 Threw 0x00000000f088b2e8 at C:\jdk7u2_64p\jdk7u4\hotspot\src\share\vm\prims\jvm.cpp:1166
Event: 0.536 Thread 0x0000000001e4c800 Threw 0x00000000f089e668 at C:\jdk7u2_64p\jdk7u4\hotspot\src\share\vm\prims\jvm.cpp:1166
Event: 0.549 Thread 0x0000000001e4c800 Threw 0x00000000f08a5b40 at C:\jdk7u2_64p\jdk7u4\hotspot\src\share\vm\prims\jvm.cpp:1166
Event: 0.550 Thread 0x0000000001e4c800 Threw 0x00000000f08a6e58 at C:\jdk7u2_64p\jdk7u4\hotspot\src\share\vm\prims\jvm.cpp:1166
Event: 0.561 Thread 0x0000000001e4c800 Threw 0x00000000f08a9618 at C:\jdk7u2_64p\jdk7u4\hotspot\src\share\vm\prims\jvm.cpp:1166
Event: 0.615 Thread 0x0000000001e4c800 Threw 0x00000000f08ae0f8 at C:\jdk7u2_64p\jdk7u4\hotspot\src\share\vm\prims\jni.cpp:715
Event: 0.616 Thread 0x0000000001e4c800 Threw 0x00000000f08aea20 at C:\jdk7u2_64p\jdk7u4\hotspot\src\share\vm\prims\jni.cpp:715
Event: 0.963 Thread 0x0000000001e4c800 Threw 0x00000000f08c63a0 at C:\jdk7u2_64p\jdk7u4\hotspot\src\share\vm\prims\jvm.cpp:1166
Event: 7.754 Thread 0x0000000001e4c800 Threw 0x00000000f0a71b88 at C:\jdk7u2_64p\jdk7u4\hotspot\src\share\vm\prims\jvm.cpp:1166
Event: 8.805 Thread 0x0000000001e4c800 Threw 0x00000000f0aa7158 at C:\jdk7u2_64p\jdk7u4\hotspot\src\share\vm\prims\jvm.cpp:1166

Events (10 events):
Event: 51.018 Executing VM operation: RevokeBias
Event: 51.018 Executing VM operation: RevokeBias done
Event: 51.018 Executing VM operation: RevokeBias
Event: 51.018 Executing VM operation: RevokeBias done
Event: 51.018 Executing VM operation: RevokeBias
Event: 51.018 Executing VM operation: RevokeBias done
Event: 51.018 Executing VM operation: RevokeBias
Event: 51.018 Executing VM operation: RevokeBias done
Event: 53.953 loading class 0x0000000007962830
Event: 53.953 loading class 0x0000000007962830 done


Dynamic libraries:
0x000000003f5e0000 - 0x000000003f614000 	C:\Program Files\Java\jre7\bin\javaw.exe
0x0000000076f70000 - 0x0000000077119000 	C:\Windows\SYSTEM32\ntdll.dll
0x0000000076c40000 - 0x0000000076d5f000 	C:\Windows\system32\kernel32.dll
0x00000000fd540000 - 0x00000000fd5ac000 	C:\Windows\system32\KERNELBASE.dll
0x00000000fecf0000 - 0x00000000fedcb000 	C:\Windows\system32\ADVAPI32.dll
0x00000000fee70000 - 0x00000000fef0f000 	C:\Windows\system32\msvcrt.dll
0x00000000fe7c0000 - 0x00000000fe7df000 	C:\Windows\SYSTEM32\sechost.dll
0x00000000feb30000 - 0x00000000fec5d000 	C:\Windows\system32\RPCRT4.dll
0x0000000076890000 - 0x000000007698a000 	C:\Windows\system32\USER32.dll
0x00000000fd7a0000 - 0x00000000fd807000 	C:\Windows\system32\GDI32.dll
0x00000000fece0000 - 0x00000000fecee000 	C:\Windows\system32\LPK.dll
0x00000000ff0f0000 - 0x00000000ff1b9000 	C:\Windows\system32\USP10.dll
0x00000000fb9e0000 - 0x00000000fbbd4000 	C:\Windows\WinSxS\amd64_microsoft.windows.common-controls_6595b64144ccf1df_6.0.7601.17514_none_fa396087175ac9ac\COMCTL32.dll
0x00000000fec60000 - 0x00000000fecd1000 	C:\Windows\system32\SHLWAPI.dll
0x00000000fd9f0000 - 0x00000000fda1e000 	C:\Windows\system32\IMM32.DLL
0x00000000fef10000 - 0x00000000ff019000 	C:\Windows\system32\MSCTF.dll
0x0000000070b20000 - 0x0000000070bf1000 	C:\Program Files\Java\jre7\bin\msvcr100.dll
0x0000000067e40000 - 0x000000006855a000 	C:\Program Files\Java\jre7\bin\server\jvm.dll
0x00000000fc5b0000 - 0x00000000fc5b9000 	C:\Windows\system32\WSOCK32.dll
0x00000000ff020000 - 0x00000000ff06d000 	C:\Windows\system32\WS2_32.dll
0x00000000fda20000 - 0x00000000fda28000 	C:\Windows\system32\NSI.dll
0x00000000f92f0000 - 0x00000000f932b000 	C:\Windows\system32\WINMM.dll
0x0000000077130000 - 0x0000000077137000 	C:\Windows\system32\PSAPI.DLL
0x0000000074180000 - 0x000000007418f000 	C:\Program Files\Java\jre7\bin\verify.dll
0x0000000074150000 - 0x0000000074178000 	C:\Program Files\Java\jre7\bin\java.dll
0x0000000074130000 - 0x0000000074145000 	C:\Program Files\Java\jre7\bin\zip.dll
0x0000000080000000 - 0x000000008004f000 	C:\Users\Johnnei\IDKO\Libs\lwjgl-2.8.3\native\windows\lwjgl64.dll
0x00000000f3cc0000 - 0x00000000f3ddd000 	C:\Windows\system32\OPENGL32.dll
0x00000000f3c90000 - 0x00000000f3cbd000 	C:\Windows\system32\GLU32.dll
0x00000000f3b90000 - 0x00000000f3c81000 	C:\Windows\system32\DDRAW.dll
0x00000000f4400000 - 0x00000000f4408000 	C:\Windows\system32\DCIMAN32.dll
0x00000000fd810000 - 0x00000000fd9e7000 	C:\Windows\system32\SETUPAPI.dll
0x00000000fd5f0000 - 0x00000000fd626000 	C:\Windows\system32\CFGMGR32.dll
0x00000000fe7e0000 - 0x00000000fe8b7000 	C:\Windows\system32\OLEAUT32.dll
0x00000000fe920000 - 0x00000000feb23000 	C:\Windows\system32\ole32.dll
0x00000000fd520000 - 0x00000000fd53a000 	C:\Windows\system32\DEVOBJ.dll
0x00000000faf00000 - 0x00000000faf18000 	C:\Windows\system32\dwmapi.dll
0x00000000fc580000 - 0x00000000fc58c000 	C:\Windows\system32\VERSION.dll
0x00000000fb930000 - 0x00000000fb986000 	C:\Windows\system32\uxtheme.dll
0x0000000009630000 - 0x000000000a525000 	C:\Windows\system32\ig4icd64.dll
0x00000000fd2c0000 - 0x00000000fd2cf000 	C:\Windows\system32\CRYPTBASE.dll
0x00000000f1b30000 - 0x00000000f1bcc000 	C:\Windows\system32\mscms.dll
0x00000000fc6d0000 - 0x00000000fc6ee000 	C:\Windows\system32\USERENV.dll
0x00000000fd3d0000 - 0x00000000fd3df000 	C:\Windows\system32\profapi.dll
0x00000000faae0000 - 0x00000000fab22000 	C:\Windows\system32\icm32.dll
0x0000000067630000 - 0x00000000677c4000 	C:\Program Files\Java\jre7\bin\awt.dll
0x00000000fb4d0000 - 0x00000000fb5f5000 	C:\Windows\system32\dbghelp.dll

VM Arguments:
jvm_args: -Djava.library.path=C:\Users\Johnnei\IDKO\Libs\lwjgl-2.8.3\native\windows -Dfile.encoding=Cp1252 
java_command: main.Launcher
Launcher Type: SUN_STANDARD

Environment Variables:
CLASSPATH=.;C:\Program Files\Microsoft JDBC Driver 4.0 for SQL Server\sqljdbc_4.0\enu\sqljdbc.jar;C:\Program Files\Microsoft JDBC Driver 4.0 for SQL Server\sqljdbc_4.0\enu\auth\x64\sqljdbc_auth.dll
PATH=C:\Program Files\Common Files\Microsoft Shared\Windows Live;C:\Program Files (x86)\Common Files\Microsoft Shared\Windows Live;C:\Windows\system32;C:\Windows;C:\Windows\System32\Wbem;C:\Windows\System32\WindowsPowerShell\v1.0\;c:\Program Files (x86)\Microsoft SQL Server\100\Tools\Binn\;c:\Program Files\Microsoft SQL Server\100\Tools\Binn\;C:\Program Files\MySQL\MySQL Server 5.5\bin;C:\Program Files (x86)\Windows Live\Shared;C:\Program Files (x86)\Git\cmd;C:\Program Files\TortoiseSVN\bin;c:\Program Files (x86)\Microsoft SQL Server\100\Tools\Binn\VSShell\Common7\IDE\;c:\Program Files (x86)\Microsoft SQL Server\100\DTS\Binn\;c:\Program Files\Microsoft SQL Server\100\DTS\Binn\;C:\Program Files (x86)\Universal Extractor;C:\Program Files (x86)\Universal Extractor\bin
USERNAME=Johnnei LAP
OS=Windows_NT
PROCESSOR_IDENTIFIER=Intel64 Family 6 Model 23 Stepping 10, GenuineIntel



---------------  S Y S T E M  ---------------

OS: Windows 7 , 64 bit Build 7601 Service Pack 1

CPU:total 2 (2 cores per cpu, 1 threads per core) family 6 model 23 stepping 10, cmov, cx8, fxsr, mmx, sse, sse2, sse3, ssse3, tsc

Memory: 4k page, physical 3074984k(901708k free), swap 6148116k(2700236k free)

vm_info: Java HotSpot(TM) 64-Bit Server VM (23.0-b21) for windows-amd64 JRE (1.7.0_04-b22), built on May  2 2012 23:28:26 by "java_re" with unknown MS VC++:1600

time: Thu May 24 14:39:22 2012
elapsed time: 67 seconds

