#
# A fatal error has been detected by the Java Runtime Environment:
#
#  EXCEPTION_ACCESS_VIOLATION (0xc0000005) at pc=0x00000000094c1963, pid=6060, tid=5536
#
# JRE version: 7.0_04-b22
# Java VM: Java HotSpot(TM) 64-Bit Server VM (23.0-b21 mixed mode windows-amd64 compressed oops)
# Problematic frame:
# C  [ig4icd64.dll+0xc1963]
#
# Failed to write core dump. Minidumps are not enabled by default on client versions of Windows
#
# If you would like to submit a bug report, please visit:
#   http://bugreport.sun.com/bugreport/crash.jsp
# The crash happened outside the Java Virtual Machine in native code.
# See problematic frame for where to report the bug.
#

---------------  T H R E A D  ---------------

Current thread (0x0000000001d9c800):  JavaThread "main" [_thread_in_native, id=5536, stack(0x0000000002100000,0x0000000002200000)]

siginfo: ExceptionCode=0xc0000005, reading address 0x0000000000000000

Registers:
RAX=0x0000000000000024, RBX=0x0000000000000000, RCX=0x0000000000000024, RDX=0x000000000000000c
RSP=0x00000000021ff150, RBP=0x00000000ffffffff, RSI=0x0000000000000004, RDI=0x0000000000000018
R8 =0x0000000000000000, R9 =0x000000000abe00a0, R10=0x000000000000000c, R11=0x0000000000000018
R12=0x0000000000000000, R13=0x000000000bda9480, R14=0x000000000bdb0180, R15=0x000000000ac7c8b0
RIP=0x00000000094c1963, EFLAGS=0x0000000000010246

Top of Stack: (sp=0x00000000021ff150)
0x00000000021ff150:   0000000000000004 0000000000000000
0x00000000021ff160:   0000000000000000 00000000021ff258
0x00000000021ff170:   0000000000000000 0000000000000000
0x00000000021ff180:   00000000021ff250 0000000000200001
0x00000000021ff190:   00000000021ff260 0000000000200000
0x00000000021ff1a0:   00000000021ff250 00000000095718fd
0x00000000021ff1b0:   000000000abe00a0 0000000000200000
0x00000000021ff1c0:   0000000000000000 0000000000000000
0x00000000021ff1d0:   0000000000000000 0000000000000000
0x00000000021ff1e0:   0000000000000000 0000000000000000
0x00000000021ff1f0:   0000000000000000 0000000000000000
0x00000000021ff200:   0000000000000000 0000000000000000
0x00000000021ff210:   0000000000000000 0000000000000000
0x00000000021ff220:   0000000000000000 0000000000000000
0x00000000021ff230:   0000000000000000 0000000000000000
0x00000000021ff240:   0000000000000000 0000000000000000 

Instructions: (pc=0x00000000094c1963)
0x00000000094c1943:   d8 0f af c2 48 63 c8 49 03 c8 83 fe 04 7d 11 83
0x00000000094c1953:   fe 03 48 8b cb 4c 0f 4c db 83 fe 02 4c 0f 4c d3
0x00000000094c1963:   f3 0f 10 03 f3 41 0f 10 0a f3 45 0f 10 47 08 45
0x00000000094c1973:   0f c6 c0 00 f3 41 0f 10 7f 10 f3 41 0f 10 77 28 


Register to memory mapping:

RAX=0x0000000000000024 is an unknown value
RBX=0x0000000000000000 is an unknown value
RCX=0x0000000000000024 is an unknown value
RDX=0x000000000000000c is an unknown value
RSP=0x00000000021ff150 is pointing into the stack for thread: 0x0000000001d9c800
RBP=0x00000000ffffffff is an unallocated location in the heap
RSI=0x0000000000000004 is an unknown value
RDI=0x0000000000000018 is an unknown value
R8 =0x0000000000000000 is an unknown value
R9 =0x000000000abe00a0 is an unknown value
R10=0x000000000000000c is an unknown value
R11=0x0000000000000018 is an unknown value
R12=0x0000000000000000 is an unknown value
R13=0x000000000bda9480 is an unknown value
R14=0x000000000bdb0180 is an unknown value
R15=0x000000000ac7c8b0 is an unknown value


Stack: [0x0000000002100000,0x0000000002200000],  sp=0x00000000021ff150,  free space=1020k
Native frames: (J=compiled Java code, j=interpreted, Vv=VM code, C=native code)
C  [ig4icd64.dll+0xc1963]

Java frames: (J=compiled Java code, j=interpreted, Vv=VM code)
J  org.lwjgl.opengl.GL11.nglDrawArrays(IIIJ)V
J  org.lwjgl.opengl.GL11.glDrawArrays(III)V
j  game.entity.Projectile.render()V+50
j  game.WormsGame.render()V+55
j  engine.Game.run()V+58
j  main.Launcher.main([Ljava/lang/String;)V+9
v  ~StubRoutines::call_stub

---------------  P R O C E S S  ---------------

Java Threads: ( => current thread )
  0x000000000796e000 JavaThread "Service Thread" daemon [_thread_blocked, id=2380, stack(0x0000000008c90000,0x0000000008d90000)]
  0x0000000007953000 JavaThread "C2 CompilerThread1" daemon [_thread_blocked, id=4952, stack(0x0000000008820000,0x0000000008920000)]
  0x0000000007940800 JavaThread "C2 CompilerThread0" daemon [_thread_blocked, id=5688, stack(0x0000000008aa0000,0x0000000008ba0000)]
  0x0000000007935800 JavaThread "Attach Listener" daemon [_thread_blocked, id=5476, stack(0x0000000008920000,0x0000000008a20000)]
  0x0000000007934000 JavaThread "Signal Dispatcher" daemon [_thread_blocked, id=5664, stack(0x0000000008190000,0x0000000008290000)]
  0x00000000078ae800 JavaThread "Finalizer" daemon [_thread_blocked, id=5504, stack(0x00000000086e0000,0x00000000087e0000)]
  0x00000000078a3800 JavaThread "Reference Handler" daemon [_thread_blocked, id=4052, stack(0x00000000084e0000,0x00000000085e0000)]
=>0x0000000001d9c800 JavaThread "main" [_thread_in_native, id=5536, stack(0x0000000002100000,0x0000000002200000)]

Other Threads:
  0x000000000789e800 VMThread [stack: 0x00000000082a0000,0x00000000083a0000] [id=2788]
  0x0000000007978800 WatcherThread [stack: 0x0000000008f00000,0x0000000009000000] [id=3460]

VM state:not at safepoint (normal execution)

VM Mutex/Monitor currently owned by a thread: None

Heap
 PSYoungGen      total 14016K, used 4318K [0x00000000f0560000, 0x00000000f1500000, 0x0000000000000000)
  eden space 12032K, 35% used [0x00000000f0560000,0x00000000f0997b18,0x00000000f1120000)
  from space 1984K, 0% used [0x00000000f1310000,0x00000000f1310000,0x00000000f1500000)
  to   space 1984K, 0% used [0x00000000f1120000,0x00000000f1120000,0x00000000f1310000)
 ParOldGen       total 32064K, used 0K [0x00000000d1000000, 0x00000000d2f50000, 0x00000000f0560000)
  object space 32064K, 0% used [0x00000000d1000000,0x00000000d1000000,0x00000000d2f50000)
 PSPermGen       total 21248K, used 4440K [0x00000000cbe00000, 0x00000000cd2c0000, 0x00000000d1000000)
  object space 21248K, 20% used [0x00000000cbe00000,0x00000000cc2560b8,0x00000000cd2c0000)

Code Cache  [0x0000000002200000, 0x0000000002470000, 0x0000000005200000)
 total_blobs=357 nmethods=54 adapters=255 free_code_cache=48634Kb largest_free_block=49783424

Compilation events (10 events):
Event: 2.717 Thread 0x0000000007940800   45             java.lang.Integer::stringSize (21 bytes)
Event: 2.717 Thread 0x0000000007953000   46             java.lang.Integer::getChars (131 bytes)
Event: 2.720 Thread 0x0000000007940800 nmethod 45 0x000000000227cdd0 code [0x000000000227cf00, 0x000000000227cff8]
Event: 2.725 Thread 0x0000000007953000 nmethod 46 0x000000000227c510 code [0x000000000227c660, 0x000000000227cb58]
Event: 3.001 Thread 0x0000000007940800   51             java.nio.Buffer::remaining (10 bytes)
Event: 3.002 Thread 0x0000000007940800 nmethod 51 0x000000000227b7d0 code [0x000000000227b900, 0x000000000227b958]
Event: 3.891 Thread 0x0000000007953000   53             java.lang.Math::min (11 bytes)
Event: 3.891 Thread 0x0000000007953000 nmethod 53 0x000000000227da90 code [0x000000000227dbc0, 0x000000000227dc18]
Event: 4.256 Thread 0x0000000007940800   54             java.lang.AbstractStringBuilder::ensureCapacityInternal (16 bytes)
Event: 4.257 Thread 0x0000000007940800 nmethod 54 0x0000000002284350 code [0x00000000022844a0, 0x0000000002284528]

GC Heap History (0 events):
No events

Deoptimization events (0 events):
No events

Internal exceptions (10 events):
Event: 0.429 Thread 0x0000000001d9c800 Threw 0x00000000f0869078 at C:\jdk7u2_64p\jdk7u4\hotspot\src\share\vm\prims\jvm.cpp:1166
Event: 0.437 Thread 0x0000000001d9c800 Threw 0x00000000f086cb80 at C:\jdk7u2_64p\jdk7u4\hotspot\src\share\vm\prims\jvm.cpp:1166
Event: 0.440 Thread 0x0000000001d9c800 Threw 0x00000000f0878360 at C:\jdk7u2_64p\jdk7u4\hotspot\src\share\vm\prims\jvm.cpp:1166
Event: 0.462 Thread 0x0000000001d9c800 Threw 0x00000000f0881100 at C:\jdk7u2_64p\jdk7u4\hotspot\src\share\vm\prims\jvm.cpp:1166
Event: 0.462 Thread 0x0000000001d9c800 Threw 0x00000000f08823f0 at C:\jdk7u2_64p\jdk7u4\hotspot\src\share\vm\prims\jvm.cpp:1166
Event: 0.471 Thread 0x0000000001d9c800 Threw 0x00000000f0884920 at C:\jdk7u2_64p\jdk7u4\hotspot\src\share\vm\prims\jvm.cpp:1166
Event: 0.534 Thread 0x0000000001d9c800 Threw 0x00000000f0889ba8 at C:\jdk7u2_64p\jdk7u4\hotspot\src\share\vm\prims\jni.cpp:715
Event: 0.534 Thread 0x0000000001d9c800 Threw 0x00000000f088a4d0 at C:\jdk7u2_64p\jdk7u4\hotspot\src\share\vm\prims\jni.cpp:715
Event: 0.756 Thread 0x0000000001d9c800 Threw 0x00000000f0897ad0 at C:\jdk7u2_64p\jdk7u4\hotspot\src\share\vm\prims\jvm.cpp:1166
Event: 4.277 Thread 0x0000000001d9c800 Threw 0x00000000f095d9c0 at C:\jdk7u2_64p\jdk7u4\hotspot\src\share\vm\prims\jvm.cpp:1166

Events (10 events):
Event: 0.538 loading class 0x0000000009345a30
Event: 0.538 loading class 0x0000000009345a30 done
Event: 0.538 loading class 0x00000000093451f0 done
Event: 0.538 loading class 0x0000000009133ca0 done
Event: 0.756 loading class 0x00000000090666a0
Event: 0.756 loading class 0x00000000090666a0 done
Event: 4.114 Executing VM operation: EnableBiasedLocking
Event: 4.114 Executing VM operation: EnableBiasedLocking done
Event: 4.277 loading class 0x00000000090a0e70
Event: 4.277 loading class 0x00000000090a0e70 done


Dynamic libraries:
0x000000003fd90000 - 0x000000003fdc4000 	C:\Program Files\Java\jre7\bin\javaw.exe
0x0000000076f70000 - 0x0000000077119000 	C:\Windows\SYSTEM32\ntdll.dll
0x0000000076c40000 - 0x0000000076d5f000 	C:\Windows\system32\kernel32.dll
0x00000000fd540000 - 0x00000000fd5ac000 	C:\Windows\system32\KERNELBASE.dll
0x00000000fecf0000 - 0x00000000fedcb000 	C:\Windows\system32\ADVAPI32.dll
0x00000000fee70000 - 0x00000000fef0f000 	C:\Windows\system32\msvcrt.dll
0x00000000fe7c0000 - 0x00000000fe7df000 	C:\Windows\SYSTEM32\sechost.dll
0x00000000feb30000 - 0x00000000fec5d000 	C:\Windows\system32\RPCRT4.dll
0x0000000076890000 - 0x000000007698a000 	C:\Windows\system32\USER32.dll
0x00000000fd7a0000 - 0x00000000fd807000 	C:\Windows\system32\GDI32.dll
0x00000000fece0000 - 0x00000000fecee000 	C:\Windows\system32\LPK.dll
0x00000000ff0f0000 - 0x00000000ff1b9000 	C:\Windows\system32\USP10.dll
0x00000000fb9e0000 - 0x00000000fbbd4000 	C:\Windows\WinSxS\amd64_microsoft.windows.common-controls_6595b64144ccf1df_6.0.7601.17514_none_fa396087175ac9ac\COMCTL32.dll
0x00000000fec60000 - 0x00000000fecd1000 	C:\Windows\system32\SHLWAPI.dll
0x00000000fd9f0000 - 0x00000000fda1e000 	C:\Windows\system32\IMM32.DLL
0x00000000fef10000 - 0x00000000ff019000 	C:\Windows\system32\MSCTF.dll
0x0000000068f00000 - 0x0000000068fd1000 	C:\Program Files\Java\jre7\bin\msvcr100.dll
0x0000000067e40000 - 0x000000006855a000 	C:\Program Files\Java\jre7\bin\server\jvm.dll
0x00000000fc5b0000 - 0x00000000fc5b9000 	C:\Windows\system32\WSOCK32.dll
0x00000000ff020000 - 0x00000000ff06d000 	C:\Windows\system32\WS2_32.dll
0x00000000fda20000 - 0x00000000fda28000 	C:\Windows\system32\NSI.dll
0x00000000f92f0000 - 0x00000000f932b000 	C:\Windows\system32\WINMM.dll
0x0000000077130000 - 0x0000000077137000 	C:\Windows\system32\PSAPI.DLL
0x000000006e950000 - 0x000000006e95f000 	C:\Program Files\Java\jre7\bin\verify.dll
0x000000006e550000 - 0x000000006e578000 	C:\Program Files\Java\jre7\bin\java.dll
0x000000006e930000 - 0x000000006e945000 	C:\Program Files\Java\jre7\bin\zip.dll
0x0000000080000000 - 0x000000008004f000 	C:\Users\Johnnei\IDKO\Libs\lwjgl-2.8.3\native\windows\lwjgl64.dll
0x00000000f3cc0000 - 0x00000000f3ddd000 	C:\Windows\system32\OPENGL32.dll
0x00000000f3c90000 - 0x00000000f3cbd000 	C:\Windows\system32\GLU32.dll
0x00000000f3b90000 - 0x00000000f3c81000 	C:\Windows\system32\DDRAW.dll
0x00000000f4400000 - 0x00000000f4408000 	C:\Windows\system32\DCIMAN32.dll
0x00000000fd810000 - 0x00000000fd9e7000 	C:\Windows\system32\SETUPAPI.dll
0x00000000fd5f0000 - 0x00000000fd626000 	C:\Windows\system32\CFGMGR32.dll
0x00000000fe7e0000 - 0x00000000fe8b7000 	C:\Windows\system32\OLEAUT32.dll
0x00000000fe920000 - 0x00000000feb23000 	C:\Windows\system32\ole32.dll
0x00000000fd520000 - 0x00000000fd53a000 	C:\Windows\system32\DEVOBJ.dll
0x00000000faf00000 - 0x00000000faf18000 	C:\Windows\system32\dwmapi.dll
0x00000000fc580000 - 0x00000000fc58c000 	C:\Windows\system32\VERSION.dll
0x00000000fb930000 - 0x00000000fb986000 	C:\Windows\system32\uxtheme.dll
0x0000000009400000 - 0x000000000a2f5000 	C:\Windows\system32\ig4icd64.dll
0x00000000fd2c0000 - 0x00000000fd2cf000 	C:\Windows\system32\CRYPTBASE.dll
0x00000000f1b30000 - 0x00000000f1bcc000 	C:\Windows\system32\mscms.dll
0x00000000fc6d0000 - 0x00000000fc6ee000 	C:\Windows\system32\USERENV.dll
0x00000000fd3d0000 - 0x00000000fd3df000 	C:\Windows\system32\profapi.dll
0x00000000faae0000 - 0x00000000fab22000 	C:\Windows\system32\icm32.dll
0x0000000068870000 - 0x0000000068a04000 	C:\Program Files\Java\jre7\bin\awt.dll
0x00000000fb4d0000 - 0x00000000fb5f5000 	C:\Windows\system32\dbghelp.dll

VM Arguments:
jvm_args: -Djava.library.path=C:\Users\Johnnei\IDKO\Libs\lwjgl-2.8.3\native\windows -Dfile.encoding=Cp1252 
java_command: main.Launcher
Launcher Type: SUN_STANDARD

Environment Variables:
CLASSPATH=.;C:\Program Files\Microsoft JDBC Driver 4.0 for SQL Server\sqljdbc_4.0\enu\sqljdbc.jar;C:\Program Files\Microsoft JDBC Driver 4.0 for SQL Server\sqljdbc_4.0\enu\auth\x64\sqljdbc_auth.dll
PATH=C:\Program Files\Common Files\Microsoft Shared\Windows Live;C:\Program Files (x86)\Common Files\Microsoft Shared\Windows Live;C:\Windows\system32;C:\Windows;C:\Windows\System32\Wbem;C:\Windows\System32\WindowsPowerShell\v1.0\;c:\Program Files (x86)\Microsoft SQL Server\100\Tools\Binn\;c:\Program Files\Microsoft SQL Server\100\Tools\Binn\;C:\Program Files\MySQL\MySQL Server 5.5\bin;C:\Program Files (x86)\Windows Live\Shared;C:\Program Files (x86)\Git\cmd;C:\Program Files\TortoiseSVN\bin;c:\Program Files (x86)\Microsoft SQL Server\100\Tools\Binn\VSShell\Common7\IDE\;c:\Program Files (x86)\Microsoft SQL Server\100\DTS\Binn\;c:\Program Files\Microsoft SQL Server\100\DTS\Binn\;C:\Program Files (x86)\Universal Extractor;C:\Program Files (x86)\Universal Extractor\bin
USERNAME=Johnnei LAP
OS=Windows_NT
PROCESSOR_IDENTIFIER=Intel64 Family 6 Model 23 Stepping 10, GenuineIntel



---------------  S Y S T E M  ---------------

OS: Windows 7 , 64 bit Build 7601 Service Pack 1

CPU:total 2 (2 cores per cpu, 1 threads per core) family 6 model 23 stepping 10, cmov, cx8, fxsr, mmx, sse, sse2, sse3, ssse3, tsc

Memory: 4k page, physical 3074984k(1233892k free), swap 6148116k(3316536k free)

vm_info: Java HotSpot(TM) 64-Bit Server VM (23.0-b21) for windows-amd64 JRE (1.7.0_04-b22), built on May  2 2012 23:28:26 by "java_re" with unknown MS VC++:1600

time: Mon May 21 12:43:52 2012
elapsed time: 4 seconds

